Before-GTDS6()
===========
Epoch                  = 2.46074e+06
Year & Days            = 2025063
Seconds                = 53267
Altitude               = 423.714
Latitude               = 19.0605
Longitude              = 124.221
Solar Time             = 23.0778
F107 Average           = 153
F107                   = 150
Geomagnetic index[0]   = 15
Geomagnetic index[1]   = 15.2
Geomagnetic index[2]   = 15.7
Geomagnetic index[3]   = 15.5
Geomagnetic index[4]   = 15.3
Geomagnetic index[5]   = 15
Geomagnetic index[6]   = 15.1
Mass                   = 42
Density[0]      = 0
Density[1]      = 0
Density[2]      = 0
Density[3]      = 0
Density[4]      = 0
Density[5]      = 0
Density[6]      = 0
Density[7]      = 0
EXOSPHERIC Temperature = 0
Temperature at Alt     = 0

Post-GTDS6()
===========
Epoch                  = 2.46074e+06
Year & Days            = 2025063
Seconds                = 53267
Altitude               = 423.714
Latitude               = 19.0605
Longitude              = 124.221
Solar Time             = 23.0778
F107 Average           = 153
F107                   = 150
Geomagnetic index[0]   = 15
Geomagnetic index[1]   = 15.2
Geomagnetic index[2]   = 15.7
Geomagnetic index[3]   = 15.5
Geomagnetic index[4]   = 15.3
Geomagnetic index[5]   = 15
Geomagnetic index[6]   = 15.1
Mass                   = 42
Density[0]      = 0
Density[1]      = 0
Density[2]      = 0
Density[3]      = 0
Density[4]      = 0
Density[5]      = 0
Density[6]      = 0
Density[7]      = 0
EXOSPHERIC Temperature = 974.585
Temperature at Alt     = 0

